<?xml version="1.0" encoding="UTF-8"?>
<testng-results ignored="0" total="1" passed="1" failed="0" skipped="0">
  <reporter-output>
  </reporter-output>
  <suite started-at="2021-11-10T16:40:52 IST" name="Default suite" finished-at="2021-11-10T16:40:52 IST" duration-ms="97">
    <groups>
    </groups>
    <test started-at="2021-11-10T16:40:52 IST" name="Default test" finished-at="2021-11-10T16:40:52 IST" duration-ms="97">
      <class name="com.crm.comcast.SDET24.SampleTest">
        <test-method signature="Sample()[pri:0, instance:com.crm.comcast.SDET24.SampleTest@696da30b]" started-at="2021-11-10T16:40:52 IST" name="Sample" finished-at="2021-11-10T16:40:52 IST" duration-ms="16" status="PASS">
          <reporter-output>
          </reporter-output>
        </test-method> <!-- Sample -->
      </class> <!-- com.crm.comcast.SDET24.SampleTest -->
    </test> <!-- Default test -->
  </suite> <!-- Default suite -->
</testng-results>
